<?xml version="1.0" encoding="UTF-8"?>
<!-- Generated by org.testng.reporters.JUnitReportReporter -->
<testsuite hostname="DESKTOP-JLPE75F" failures="0" tests="3" name="testCases.LoginPageTest" time="36.263" errors="0" timestamp="2024-06-26T13:33:26 IST" skipped="1">
  <testcase classname="testCases.LoginPageTest" name="loginofApplicationtest" time="23.905"/>
  <system-out>
    <![CDATA[inventory URL: https://www.saucedemo.com/inventory.html]]>
  </system-out>
  <testcase classname="testCases.LoginPageTest" name="URL" time="12.358"/>
  <system-out>
    <![CDATA[Login Url: https://www.saucedemo.com/]]>
  </system-out>
  <testcase classname="testCases.LoginPageTest" name="titletest">
    <skipped/>
  </testcase> <!-- titletest -->
  <system-out/>
</testsuite> <!-- testCases.LoginPageTest -->
