<?xml version="1.0" encoding="UTF-8"?>
<!-- Generated by org.testng.reporters.JUnitReportReporter -->
<testsuite hostname="DESKTOP-JLPE75F" failures="0" tests="8" name="testCases.CartIcon_Test" time="125.221" errors="0" timestamp="2024-06-13T15:28:15 IST" skipped="0">
  <testcase classname="testCases.CartIcon_Test" name="twitterlogo" time="14.589"/>
  <system-out>
    <![CDATA[TwitterLogo: true]]>
  </system-out>
  <testcase classname="testCases.CartIcon_Test" name="removeproducts" time="16.052"/>
  <system-out>
    <![CDATA[Count after removing products in cart page: 1]]>
  </system-out>
  <testcase classname="testCases.CartIcon_Test" name="continuebtn" time="17.832"/>
  <system-out/>
  <testcase classname="testCases.CartIcon_Test" name="url" time="14.263"/>
  <system-out>
    <![CDATA[Url of cartIcon: https://www.saucedemo.com/cart.html]]>
  </system-out>
  <testcase classname="testCases.CartIcon_Test" name="desc" time="14.597"/>
  <system-out>
    <![CDATA[Desc text: Description]]>
  </system-out>
  <testcase classname="testCases.CartIcon_Test" name="carttitle" time="13.639"/>
  <system-out>
    <![CDATA[Logo of cartTitle: Swag Labs]]>
  </system-out>
  <testcase classname="testCases.CartIcon_Test" name="verifyCheckoutButtonTest" time="19.532"/>
  <system-out>
    <![CDATA[After clicking on Checkout Btn URL is : https://www.saucedemo.com/checkout-step-one.html]]>
  </system-out>
  <testcase classname="testCases.CartIcon_Test" name="qty" time="14.717"/>
  <system-out>
    <![CDATA[Qty text: QTY]]>
  </system-out>
</testsuite> <!-- testCases.CartIcon_Test -->
