<?xml version="1.0" encoding="UTF-8"?>
<!-- Generated by org.testng.reporters.JUnitReportReporter -->
<testsuite hostname="DESKTOP-JLPE75F" failures="0" tests="11" name="testCases.CheckOutPage1_Test" time="196.545" errors="0" timestamp="2024-06-13T15:28:15 IST" skipped="0">
  <testcase classname="testCases.CheckOutPage1_Test" name="verifypaymentLabeltest" time="17.206"/>
  <system-out>
    <![CDATA[Label of Payment info: Payment Information:]]>
  </system-out>
  <testcase classname="testCases.CheckOutPage1_Test" name="verifytaxtext" time="17.530"/>
  <system-out>
    <![CDATA[Tax text: Tax: $7.20]]>
  </system-out>
  <testcase classname="testCases.CheckOutPage1_Test" name="CheckOutPage1URl" time="17.601"/>
  <system-out>
    <![CDATA[Url of checkout page step two: https://www.saucedemo.com/checkout-step-two.html]]>
  </system-out>
  <testcase classname="testCases.CheckOutPage1_Test" name="verifyitemtotaltext" time="17.761"/>
  <system-out>
    <![CDATA[Item total: Item total: $89.97]]>
  </system-out>
  <testcase classname="testCases.CheckOutPage1_Test" name="verifyShippinglabel" time="18.928"/>
  <system-out>
    <![CDATA[Shipping info label: Shipping Information:]]>
  </system-out>
  <testcase classname="testCases.CheckOutPage1_Test" name="verifypaymentinfotext" time="20.254"/>
  <system-out>
    <![CDATA[Text of payment info: SauceCard #31337]]>
  </system-out>
  <testcase classname="testCases.CheckOutPage1_Test" name="CheckOutPage1Title" time="17.469"/>
  <system-out>
    <![CDATA[Title of chechout page step two:Swag Labs]]>
  </system-out>
  <testcase classname="testCases.CheckOutPage1_Test" name="verifyShippingtext" time="17.593"/>
  <system-out>
    <![CDATA[Shipping information text :Free Pony Express Delivery!]]>
  </system-out>
  <testcase classname="testCases.CheckOutPage1_Test" name="verifytotalLabel" time="16.897"/>
  <system-out>
    <![CDATA[Total Price label: Price Total]]>
  </system-out>
  <testcase classname="testCases.CheckOutPage1_Test" name="verifyfinishbtntest" time="19.437"/>
  <system-out>
    <![CDATA[After clicking finish btn Complete Url: https://www.saucedemo.com/checkout-complete.html]]>
  </system-out>
  <testcase classname="testCases.CheckOutPage1_Test" name="verifytotaltext" time="15.869"/>
  <system-out>
    <![CDATA[Total text: Total: $97.17]]>
  </system-out>
</testsuite> <!-- testCases.CheckOutPage1_Test -->
