<?xml version="1.0" encoding="UTF-8"?>
<!-- Generated by org.testng.reporters.JUnitReportReporter -->
<testsuite hostname="DESKTOP-JLPE75F" failures="0" tests="1" name="testCases.CheckOutPage_Test" time="24.448" errors="0" timestamp="2024-06-13T15:56:41 IST" skipped="0">
  <testcase classname="testCases.CheckOutPage_Test" name="verifymenuText" time="24.448"/>
  <system-out>
    <![CDATA[text: About]]>
  </system-out>
</testsuite> <!-- testCases.CheckOutPage_Test -->
