<?xml version="1.0" encoding="UTF-8"?>
<!-- Generated by org.testng.reporters.JUnitReportReporter -->
<testsuite hostname="DESKTOP-JLPE75F" failures="0" tests="5" name="testCases.FinishPage_Test" time="124.277" errors="0" timestamp="2024-06-13T15:28:15 IST" skipped="0">
  <testcase classname="testCases.FinishPage_Test" name="verifytitle" time="18.563"/>
  <system-out>
    <![CDATA[Title of finish page: Swag Labs]]>
  </system-out>
  <testcase classname="testCases.FinishPage_Test" name="verifyLogo" time="22.949"/>
  <system-out>
    <![CDATA[Logo of finish Page: Swag Labs]]>
  </system-out>
  <testcase classname="testCases.FinishPage_Test" name="verifythankyouLabel" time="26.475"/>
  <system-out>
    <![CDATA[Thank You Label of finish Page: Thank you for your order!]]>
  </system-out>
  <testcase classname="testCases.FinishPage_Test" name="verifytextOfDispatch" time="24.656"/>
  <system-out>
    <![CDATA[Text of dispatched: Your order has been dispatched, and will arrive just as fast as the pony can get there!]]>
  </system-out>
  <testcase classname="testCases.FinishPage_Test" name="verifyBackHomebtn" time="31.634"/>
  <system-out>
    <![CDATA[Url after clicking on backHome Btn: https://www.saucedemo.com/inventory.html]]>
  </system-out>
</testsuite> <!-- testCases.FinishPage_Test -->
